0	1	mikroCPIC1618.exe -MSF -DBG -pP16F877A -RA -DL -O11111114 -fo4 -N"C:\Users\rosen\Desktop\elec_proj\MyProject.mcppi" -SP"C:\Users\Public\Documents\Mikroelektronika\mikroC PRO for PIC\Defs\" -SP"C:\Users\Public\Documents\Mikroelektronika\mikroC PRO for PIC\Uses\P16\" -SP"C:\Users\rosen\Desktop\elec_proj\" "MyProject.c" "NewUnit_0.c" "__Lib_Math.mcl" "__Lib_MathDouble.mcl" "__Lib_System.mcl" "__Lib_Delays.mcl" "__Lib_CType.mcl" "__Lib_CString.mcl" "__Lib_CStdlib.mcl" "__Lib_CMath.mcl" "__Lib_MemManager.mcl" "__Lib_Conversions.mcl" "__Lib_Sprinti.mcl" "__Lib_Sprintl.mcl" "__Lib_Time.mcl" "__Lib_Trigonometry.mcl" "__Lib_Button.mcl" "__Lib_Keypad4x4.mcl" "__Lib_Manchester.mcl" "__Lib_OneWire.mcl" "__Lib_PS2.mcl" "__Lib_Sound.mcl" "__Lib_SoftI2C.mcl" "__Lib_SoftSPI.mcl" "__Lib_SoftUART.mcl" "__Lib_ADC_A_C.mcl" "__Lib_EEPROM.mcl" "__Lib_FLASH_RW.mcl" "__Lib_I2C_c34.mcl" "__Lib_PWM_c21.mcl" "__Lib_SPI_c345.mcl" "__Lib_UART_c67.mcl" "__Lib_PortExpander.mcl" "__Lib_CANSPI.mcl" "__Lib_CF.mcl" "__Lib_GlcdFonts.mcl" "__Lib_Glcd.mcl" "__Lib_LcdConsts.mcl" "__Lib_Lcd.mcl" "__Lib_RS485.mcl" "__Lib_S1D13700.mcl" "__Lib_T6963C.mcl" "__Lib_SPIGlcd.mcl" "__Lib_SPILcd.mcl" "__Lib_SPILcd8.mcl" "__Lib_SPIT6963C.mcl" "__Lib_EthEnc28j60.mcl" "__Lib_EthEnc24j600.mcl" "__Lib_TouchPanel.mcl"	 
hint: 0	1139	Available RAM: 352 [bytes], Available ROM: 8192 [bytes]	 
diagnostics: 0	122	Compilation Started	P16F877A.c
diagnostics: 666	123	Compiled Successfully	P16F877A.c
diagnostics: 0	122	Compilation Started	__Lib_Delays.c
diagnostics: 123	123	Compiled Successfully	__Lib_Delays.c
diagnostics: 0	122	Compilation Started	__Lib_MemManager.c
warning: 34	1508	Implicit conversion of int to ptr	__Lib_MemManager.c
diagnostics: 231	123	Compiled Successfully	__Lib_MemManager.c
diagnostics: 0	122	Compilation Started	__Lib_GlcdFonts.c
diagnostics: 1207	123	Compiled Successfully	__Lib_GlcdFonts.c
diagnostics: 0	122	Compilation Started	MyProject.c
diagnostics: 160	123	Compiled Successfully	MyProject.c
diagnostics: 0	122	Compilation Started	NewUnit_0.c
diagnostics: 0	123	Compiled Successfully	NewUnit_0.c
diagnostics: 0	127	All files Compiled in 187 ms	 
hint: 0	1144	Used RAM (bytes): 58 (16%)  Free RAM (bytes): 294 (84%)	Used RAM (bytes): 58 (16%)  Free RAM (bytes): 294 (84%)
hint: 0	1144	Used ROM (program words): 1055 (13%)  Free ROM (program words): 7137 (87%)	Used ROM (program words): 1055 (13%)  Free ROM (program words): 7137 (87%)
diagnostics: 0	125	Project Linked Successfully	MyProject.mcppi
diagnostics: 0	128	Linked in 375 ms	 
diagnostics: 0	129	Project 'MyProject.mcppi' completed: 1125 ms	 
diagnostics: 0	103	Finished successfully: 05 May 2016, 23:59:51	MyProject.mcppi
